   1: /* Test program 'easter' 
   2: ======== 
   3: Computes Easter Sunday for the years 2010-2020. 
   4: */ 
   5:  
   6: program Easter; 
Parser:   <Program>
   7:  
   8: var y: integer; 
Parser:     <block>
Parser:       <VarDeclPart>
Parser:         <VarDecl>
Parser:           <type>
Parser:             <TypeName>
   9:  
  10: procedure easter (y: integer); 
Parser:             </TypeName>
Parser:           </type>
Parser:         </VarDecl>
Parser:       </VarDeclPart>
Parser:       <ProcDecl>
Parser:         <param decl list>
Parser:           <param decl>
Parser:             <TypeName>
Parser:             </TypeName>
Parser:           </param decl>
  11: var 
Parser:         </param decl list>
  12: a: integer;  b: integer;  c: integer;  d: integer;  e: integer; 
Parser:         <block>
Parser:           <VarDeclPart>
Parser:             <VarDecl>
Parser:               <type>
Parser:                 <TypeName>
Parser:                 </TypeName>
Parser:               </type>
Parser:             </VarDecl>
Parser:             <VarDecl>
Parser:               <type>
Parser:                 <TypeName>
Parser:                 </TypeName>
Parser:               </type>
Parser:             </VarDecl>
Parser:             <VarDecl>
Parser:               <type>
Parser:                 <TypeName>
Parser:                 </TypeName>
Parser:               </type>
Parser:             </VarDecl>
Parser:             <VarDecl>
Parser:               <type>
Parser:                 <TypeName>
Parser:                 </TypeName>
Parser:               </type>
Parser:             </VarDecl>
Parser:             <VarDecl>
Parser:               <type>
Parser:                 <TypeName>
  13: f: integer;  g: integer;  h: integer;  i: integer;  k: integer; 
Parser:                 </TypeName>
Parser:               </type>
Parser:             </VarDecl>
Parser:             <VarDecl>
Parser:               <type>
Parser:                 <TypeName>
Parser:                 </TypeName>
Parser:               </type>
Parser:             </VarDecl>
Parser:             <VarDecl>
Parser:               <type>
Parser:                 <TypeName>
Parser:                 </TypeName>
Parser:               </type>
Parser:             </VarDecl>
Parser:             <VarDecl>
Parser:               <type>
Parser:                 <TypeName>
Parser:                 </TypeName>
Parser:               </type>
Parser:             </VarDecl>
Parser:             <VarDecl>
Parser:               <type>
Parser:                 <TypeName>
Parser:                 </TypeName>
Parser:               </type>
Parser:             </VarDecl>
Parser:             <VarDecl>
Parser:               <type>
Parser:                 <TypeName>
  14: l: integer;  m: integer; 
Parser:                 </TypeName>
Parser:               </type>
Parser:             </VarDecl>
Parser:             <VarDecl>
Parser:               <type>
Parser:                 <TypeName>
Parser:                 </TypeName>
Parser:               </type>
Parser:             </VarDecl>
Parser:             <VarDecl>
Parser:               <type>
Parser:                 <TypeName>
  15:  
  16: month: integer;  /* The date of Easter Sunday */ 
Parser:                 </TypeName>
Parser:               </type>
Parser:             </VarDecl>
Parser:             <VarDecl>
Parser:               <type>
Parser:                 <TypeName>
  17: day: integer; 
Parser:                 </TypeName>
Parser:               </type>
