   1: program MissingRightPar; 
Parser:   <Program>
   2: var a :integer; 
Parser:     <block>
Parser:       <VarDeclPart>
Parser:         <VarDecl>
Parser:           <type>
Parser:             <TypeName>
   3: begin 
Parser:             </TypeName>
Parser:           </type>
   4: a := 2*(1+3 + 4; 
Parser:         </VarDecl>
Parser:       </VarDeclPart>
Parser:       <StatmList>
Parser:         <Statement>
Parser:           <assign-statm>
Parser:             <variable>
Parser:             </variable>
Parser:             <expression>
Parser:               <SimpleExpr>
Parser:                 <Term>
Parser:                   <factor>
Parser:                     <Unsigned Constant>
Parser:                       <number literal>
Parser:                       </number literal>
Parser:                     </Unsigned Constant>
Parser:                   </factor>
Parser:                   <factor opr>
Parser:                   </factor opr>
Parser:                   <factor>
Parser:                     <inner expr>
Parser:                       <expression>
Parser:                         <SimpleExpr>
Parser:                           <Term>
Parser:                             <factor>
Parser:                               <Unsigned Constant>
Parser:                                 <number literal>
Parser:                                 </number literal>
Parser:                               </Unsigned Constant>
Parser:                             </factor>
Parser:                           </Term>
Parser:                           <TermOperator>
Parser:                           </TermOperator>
Parser:                           <Term>
Parser:                             <factor>
Parser:                               <Unsigned Constant>
Parser:                                 <number literal>
Parser:                                 </number literal>
Parser:                               </Unsigned Constant>
Parser:                             </factor>
Parser:                           </Term>
Parser:                           <TermOperator>
Parser:                           </TermOperator>
Parser:                           <Term>
Parser:                             <factor>
Parser:                               <Unsigned Constant>
Parser:                                 <number literal>
   5: write('a', '=', a, eol) 
Parser:                                 </number literal>
Parser:                               </Unsigned Constant>
Parser:                             </factor>
Parser:                           </Term>
Parser:                         </SimpleExpr>
Parser:                       </expression>
Error in line 4: Expected a ) but found a ;!
